{"time":"2024-09-16T23:51:08.025159904-04:00","level":"DEBUG","msg":"Application started%!(EXTRA map[string]interface {}=map[config:0xc000128000])"}
{"time":"2024-09-16T23:51:08.041205753-04:00","level":"DEBUG","msg":"Storage initialized"}
{"time":"2024-09-16T23:51:08.041214604-04:00","level":"DEBUG","msg":"Data manager initialized"}
{"time":"2024-09-16T23:51:08.041216076-04:00","level":"DEBUG","msg":"Session manager initialized"}
{"time":"2024-09-16T23:51:08.041217153-04:00","level":"DEBUG","msg":"Adapter manager initialized"}
{"time":"2024-09-16T23:51:08.041218167-04:00","level":"DEBUG","msg":"Session XhlN5KhlHSfRsjuDjorDxg-PKqlH6DNoJZsM_N7Pr-E= created"}
{"time":"2024-09-16T23:51:08.041219199-04:00","level":"DEBUG","msg":"DEBUG: Created new session with ID: XhlN5KhlHSfRsjuDjorDxg-PKqlH6DNoJZsM_N7Pr-E=\n"}
{"time":"2024-09-16T23:51:08.041220339-04:00","level":"DEBUG","msg":"CLI adapter initialized"}
{"time":"2024-09-16T23:51:08.041221428-04:00","level":"DEBUG","msg":"CLI instance created"}
{"time":"2024-09-16T23:51:08.041222539-04:00","level":"DEBUG","msg":"DEBUG: Entering AdapterStart method\n"}
{"time":"2024-09-16T23:51:08.041223647-04:00","level":"DEBUG","msg":"DEBUG: Exiting AdapterStart method\n"}
{"time":"2024-09-16T23:51:08.04122466-04:00","level":"DEBUG","msg":"DEBUG: CLI adapter started"}
{"time":"2024-09-16T23:51:08.04122568-04:00","level":"DEBUG","msg":"DEBUG: Started command processing goroutine\n"}
{"time":"2024-09-16T23:51:08.041226636-04:00","level":"DEBUG","msg":"DEBUG: Waiting for command in AdapterStart\n"}
{"time":"2024-09-16T23:51:12.863729961-04:00","level":"DEBUG","msg":"DEBUG: Entering CommandProcess method"}
{"time":"2024-09-16T23:51:12.863779053-04:00","level":"DEBUG","msg":"DEBUG: CommandProcess method sent the command to the channel\n"}
{"time":"2024-09-16T23:51:12.863783446-04:00","level":"DEBUG","msg":"DEBUG: Received command in AdapterStart: {Scope:user Operation:select Args:[a]}\n"}
{"time":"2024-09-16T23:51:12.863785826-04:00","level":"DEBUG","msg":"Session XhlN5KhlHSfRsjuDjorDxg-PKqlH6DNoJZsM_N7Pr-E= retrieved"}
{"time":"2024-09-16T23:51:12.863788005-04:00","level":"DEBUG","msg":"DEBUG: Current Session State - User: None, Mindmap: None\n"}
{"time":"2024-09-16T23:51:12.863938259-04:00","level":"DEBUG","msg":"DEBUG: Command processed successfully\n"}
{"time":"2024-09-16T23:51:12.863955216-04:00","level":"DEBUG","msg":"DEBUG: Waiting for command in AdapterStart\n"}
{"time":"2024-09-16T23:51:12.86395826-04:00","level":"DEBUG","msg":"DEBUG: Received result: User 'a' selected successfully\n"}
{"time":"2024-09-16T23:56:35.874843672-04:00","level":"DEBUG","msg":"DEBUG: Entering CommandProcess method"}
{"time":"2024-09-16T23:56:50.429501975-04:00","level":"DEBUG","msg":"DEBUG: Entering CommandProcess method"}
{"time":"2024-09-16T23:56:50.429535652-04:00","level":"DEBUG","msg":"DEBUG: CommandProcess method sent the command to the channel\n"}
{"time":"2024-09-16T23:56:50.429539593-04:00","level":"DEBUG","msg":"DEBUG: Received command in AdapterStart: {Scope:mindmap Operation:add Args:[new]}\n"}
{"time":"2024-09-16T23:56:50.42954095-04:00","level":"DEBUG","msg":"Session XhlN5KhlHSfRsjuDjorDxg-PKqlH6DNoJZsM_N7Pr-E= retrieved"}
{"time":"2024-09-16T23:56:50.429542154-04:00","level":"DEBUG","msg":"DEBUG: Current Session State - User: a, Mindmap: None\n"}
{"time":"2024-09-16T23:56:50.430472516-04:00","level":"DEBUG","msg":"DEBUG: Command processed successfully\n"}
{"time":"2024-09-16T23:56:50.430600421-04:00","level":"DEBUG","msg":"DEBUG: Waiting for command in AdapterStart\n"}
{"time":"2024-09-16T23:56:50.430608005-04:00","level":"DEBUG","msg":"DEBUG: Received result: 1\n"}
{"time":"2024-09-16T23:56:50.43061166-04:00","level":"DEBUG","msg":"DEBUG: Update complete, newNode: &{0 1 -1 new 0 map[] [] 2024-09-16 23:56:50.430369677 -0400 -0400 2024-09-16 23:56:50.430369677 -0400 -0400}\n"}
{"time":"2024-09-16T23:56:50.430613832-04:00","level":"DEBUG","msg":"DEBUG: initialized node map with root node complete"}
{"time":"2024-09-17T00:05:42.363885316-04:00","level":"DEBUG","msg":"Error parsing command: empty command\n"}
{"time":"2024-09-17T00:05:43.705676445-04:00","level":"DEBUG","msg":"Application shutting down"}
{"time":"2024-09-17T00:05:43.705719816-04:00","level":"DEBUG","msg":"DEBUG: Stopping command processing goroutine\n"}
{"time":"2024-09-17T00:06:34.714608508-04:00","level":"DEBUG","msg":"Application started%!(EXTRA map[string]interface {}=map[config:0xc000120000])"}
{"time":"2024-09-17T00:06:34.742047297-04:00","level":"DEBUG","msg":"Storage initialized"}
{"time":"2024-09-17T00:06:34.742212643-04:00","level":"DEBUG","msg":"Data manager initialized"}
{"time":"2024-09-17T00:06:34.74222469-04:00","level":"DEBUG","msg":"Session manager initialized"}
{"time":"2024-09-17T00:06:34.742227323-04:00","level":"DEBUG","msg":"Adapter manager initialized"}
{"time":"2024-09-17T00:06:34.742228882-04:00","level":"DEBUG","msg":"Session bdZU7tMPTLu-wSnZziaMn9O12PPzAvr_bibymwk9WWc= created"}
{"time":"2024-09-17T00:06:34.742230558-04:00","level":"DEBUG","msg":"DEBUG: Created new session with ID: bdZU7tMPTLu-wSnZziaMn9O12PPzAvr_bibymwk9WWc=\n"}
{"time":"2024-09-17T00:06:34.742232353-04:00","level":"DEBUG","msg":"CLI adapter initialized"}
{"time":"2024-09-17T00:06:34.742234088-04:00","level":"DEBUG","msg":"CLI instance created"}
{"time":"2024-09-17T00:06:34.742235814-04:00","level":"DEBUG","msg":"DEBUG: Entering AdapterStart method\n"}
{"time":"2024-09-17T00:06:34.742237468-04:00","level":"DEBUG","msg":"DEBUG: Exiting AdapterStart method\n"}
{"time":"2024-09-17T00:06:34.742238939-04:00","level":"DEBUG","msg":"DEBUG: CLI adapter started"}
{"time":"2024-09-17T00:06:34.742240588-04:00","level":"DEBUG","msg":"DEBUG: Started command processing goroutine\n"}
{"time":"2024-09-17T00:06:34.742242124-04:00","level":"DEBUG","msg":"DEBUG: Waiting for command in AdapterStart\n"}
{"time":"2024-09-17T00:06:38.164432185-04:00","level":"DEBUG","msg":"DEBUG: Entering CommandProcess method"}
{"time":"2024-09-17T00:06:38.164478589-04:00","level":"DEBUG","msg":"DEBUG: CommandProcess method sent the command to the channel\n"}
{"time":"2024-09-17T00:06:38.164614591-04:00","level":"DEBUG","msg":"DEBUG: Received command in AdapterStart: {Scope:user Operation:select Args:[a]}\n"}
{"time":"2024-09-17T00:06:38.164634269-04:00","level":"DEBUG","msg":"Session bdZU7tMPTLu-wSnZziaMn9O12PPzAvr_bibymwk9WWc= retrieved"}
{"time":"2024-09-17T00:06:38.164637447-04:00","level":"DEBUG","msg":"DEBUG: Current Session State - User: None, Mindmap: None\n"}
{"time":"2024-09-17T00:06:38.164639571-04:00","level":"DEBUG","msg":"DEBUG: Command processed successfully\n"}
{"time":"2024-09-17T00:06:38.164641586-04:00","level":"DEBUG","msg":"DEBUG: Waiting for command in AdapterStart\n"}
{"time":"2024-09-17T00:06:38.164643593-04:00","level":"DEBUG","msg":"DEBUG: Received result: User 'a' selected successfully\n"}
{"time":"2024-09-17T00:18:50.813659163-04:00","level":"DEBUG","msg":"Error parsing command: empty command\n"}
{"time":"2024-09-17T00:18:51.041262267-04:00","level":"DEBUG","msg":"Error parsing command: empty command\n"}
{"time":"2024-09-17T00:24:48.206464923-04:00","level":"DEBUG","msg":"Error parsing command: empty command\n"}
{"time":"2024-09-17T00:24:50.003929298-04:00","level":"DEBUG","msg":"Error parsing command: empty command\n"}
{"time":"2024-09-17T00:24:51.99548433-04:00","level":"DEBUG","msg":"DEBUG: Entering CommandProcess method"}
{"time":"2024-09-17T00:25:03.892815499-04:00","level":"DEBUG","msg":"DEBUG: Entering CommandProcess method"}
{"time":"2024-09-17T00:25:03.89285715-04:00","level":"DEBUG","msg":"DEBUG: Received command in AdapterStart: {Scope:mindmap Operation:list Args:[]}\n"}
{"time":"2024-09-17T00:25:03.892860632-04:00","level":"DEBUG","msg":"Session bdZU7tMPTLu-wSnZziaMn9O12PPzAvr_bibymwk9WWc= retrieved"}
{"time":"2024-09-17T00:25:03.892862635-04:00","level":"DEBUG","msg":"DEBUG: Current Session State - User: a, Mindmap: None\n"}
{"time":"2024-09-17T00:25:03.892957095-04:00","level":"DEBUG","msg":"DEBUG: CommandProcess method sent the command to the channel\n"}
{"time":"2024-09-17T00:25:03.892975741-04:00","level":"DEBUG","msg":"DEBUG: Command processed successfully\n"}
{"time":"2024-09-17T00:25:03.892987586-04:00","level":"DEBUG","msg":"DEBUG: Waiting for command in AdapterStart\n"}
{"time":"2024-09-17T00:25:03.892989759-04:00","level":"DEBUG","msg":"DEBUG: Received result: []\n"}
{"time":"2024-09-17T00:25:08.865717124-04:00","level":"DEBUG","msg":"DEBUG: Entering CommandProcess method"}
{"time":"2024-09-17T00:25:08.865762593-04:00","level":"DEBUG","msg":"DEBUG: CommandProcess method sent the command to the channel\n"}
{"time":"2024-09-17T00:25:08.865853249-04:00","level":"DEBUG","msg":"DEBUG: Received command in AdapterStart: {Scope:mindmap Operation:add Args:[new]}\n"}
{"time":"2024-09-17T00:25:08.865871707-04:00","level":"DEBUG","msg":"Session bdZU7tMPTLu-wSnZziaMn9O12PPzAvr_bibymwk9WWc= retrieved"}
{"time":"2024-09-17T00:25:08.865874757-04:00","level":"DEBUG","msg":"DEBUG: Current Session State - User: a, Mindmap: None\n"}
{"time":"2024-09-17T00:25:08.866472415-04:00","level":"DEBUG","msg":"DEBUG: Added mindmap with ID 1 and name new\n"}
{"time":"2024-09-17T00:25:08.86647867-04:00","level":"DEBUG","msg":"DEBUG: newMindmap: &{1 new a false <nil> map[] 2024-09-17 00:25:08.866000214 -0400 -0400 2024-09-17 00:25:08.866000214 -0400 -0400}"}
{"time":"2024-09-17T00:25:08.866481247-04:00","level":"DEBUG","msg":"DEBUG: Published MindmapAdded event for mindmap 1\n"}
{"time":"2024-09-17T00:25:08.866483354-04:00","level":"DEBUG","msg":"DEBUG: Command processed successfully\n"}
{"time":"2024-09-17T00:25:08.866485332-04:00","level":"DEBUG","msg":"DEBUG: Waiting for command in AdapterStart\n"}
{"time":"2024-09-17T00:25:08.866487291-04:00","level":"DEBUG","msg":"DEBUG: Received result: 1\n"}
{"time":"2024-09-17T00:25:08.866670668-04:00","level":"DEBUG","msg":"DEBUG: Handling MindmapAdded event"}
{"time":"2024-09-17T00:25:08.866687214-04:00","level":"DEBUG","msg":"DEBUG: Handling MindmapAdded event - Logger ok"}
{"time":"2024-09-17T00:25:08.866689935-04:00","level":"DEBUG","msg":"DEBUG: Handling MindmapAdded event for mindmap 1\n"}
{"time":"2024-09-17T00:25:08.866692204-04:00","level":"DEBUG","msg":"DEBUG: Mindmap: &{1 new a false <nil> map[] 2024-09-17 00:25:08.866000214 -0400 -0400 2024-09-17 00:25:08.866000214 -0400 -0400}\n"}
{"time":"2024-09-17T00:25:08.866694349-04:00","level":"DEBUG","msg":"DEBUG: NodeAdd Validation complete"}
{"time":"2024-09-17T00:25:08.866696271-04:00","level":"DEBUG","msg":"DEBUG: NodeAdd Count complete"}
{"time":"2024-09-17T00:25:08.866698299-04:00","level":"DEBUG","msg":"DEBUG: Index calc complete"}
{"time":"2024-09-17T00:25:08.86677292-04:00","level":"DEBUG","msg":"DEBUG: Storage add complete"}
{"time":"2024-09-17T00:25:08.866859187-04:00","level":"DEBUG","msg":"DEBUG: Update complete, newNode: &{0 1 -1 new 0 map[] [] 2024-09-17 00:25:08.866656598 -0400 -0400 2024-09-17 00:25:08.866656598 -0400 -0400}\n"}
{"time":"2024-09-17T00:25:08.86686801-04:00","level":"DEBUG","msg":"DEBUG: initialized node map with root node complete"}
{"time":"2024-09-17T00:25:08.86687062-04:00","level":"DEBUG","msg":"DEBUG: Set root node complete"}
{"time":"2024-09-17T00:25:08.866872756-04:00","level":"DEBUG","msg":"DEBUG: Root node added for mindmap 1\n"}
{"time":"2024-09-17T00:25:08.866874767-04:00","level":"DEBUG","msg":"DEBUG: Mindmap: &{1 new a false 0xc0001de000 map[0:0xc0001de000] 2024-09-17 00:25:08.866000214 -0400 -0400 2024-09-17 00:25:08.866000214 -0400 -0400}\n"}
{"time":"2024-09-17T00:25:10.116415652-04:00","level":"DEBUG","msg":"DEBUG: Entering CommandProcess method"}
{"time":"2024-09-17T00:25:10.116445236-04:00","level":"DEBUG","msg":"DEBUG: CommandProcess method sent the command to the channel\n"}
{"time":"2024-09-17T00:25:10.116447751-04:00","level":"DEBUG","msg":"DEBUG: Received command in AdapterStart: {Scope:mindmap Operation:list Args:[]}\n"}
{"time":"2024-09-17T00:25:10.116449251-04:00","level":"DEBUG","msg":"Session bdZU7tMPTLu-wSnZziaMn9O12PPzAvr_bibymwk9WWc= retrieved"}
{"time":"2024-09-17T00:25:10.116450594-04:00","level":"DEBUG","msg":"DEBUG: Current Session State - User: a, Mindmap: new\n"}
{"time":"2024-09-17T00:25:10.116577266-04:00","level":"DEBUG","msg":"DEBUG: Command processed successfully\n"}
{"time":"2024-09-17T00:25:10.116599426-04:00","level":"DEBUG","msg":"DEBUG: Waiting for command in AdapterStart\n"}
{"time":"2024-09-17T00:25:10.11660155-04:00","level":"DEBUG","msg":"DEBUG: Received result: [0xc0000ee1c0]\n"}
{"time":"2024-09-17T00:25:17.200080612-04:00","level":"DEBUG","msg":"DEBUG: Entering CommandProcess method"}
{"time":"2024-09-17T00:25:17.200117132-04:00","level":"DEBUG","msg":"DEBUG: CommandProcess method sent the command to the channel\n"}
{"time":"2024-09-17T00:25:17.200119445-04:00","level":"DEBUG","msg":"DEBUG: Received command in AdapterStart: {Scope:mindmap Operation:select Args:[new]}\n"}
{"time":"2024-09-17T00:25:17.20012076-04:00","level":"DEBUG","msg":"Session bdZU7tMPTLu-wSnZziaMn9O12PPzAvr_bibymwk9WWc= retrieved"}
{"time":"2024-09-17T00:25:17.200122126-04:00","level":"DEBUG","msg":"DEBUG: Current Session State - User: a, Mindmap: new\n"}
{"time":"2024-09-17T00:25:17.200285065-04:00","level":"DEBUG","msg":"DEBUG: Command processed successfully\n"}
{"time":"2024-09-17T00:25:17.200298045-04:00","level":"DEBUG","msg":"DEBUG: Waiting for command in AdapterStart\n"}
{"time":"2024-09-17T00:25:17.20030059-04:00","level":"DEBUG","msg":"DEBUG: Received result: &{1 new a false <nil> map[] 2024-09-17 00:25:08.866000214 -0400 -0400 2024-09-17 00:25:08.866000214 -0400 -0400}\n"}
{"time":"2024-09-17T00:25:17.200386897-04:00","level":"DEBUG","msg":"DEBUG: Loaded 1 nodes for mindmap 1\n"}
{"time":"2024-09-17T00:27:06.116483332-04:00","level":"DEBUG","msg":"Application shutting down"}
{"time":"2024-09-17T00:27:06.116529968-04:00","level":"DEBUG","msg":"DEBUG: Stopping command processing goroutine\n"}
{"time":"2024-09-17T00:28:43.749797959-04:00","level":"DEBUG","msg":"Application started%!(EXTRA map[string]interface {}=map[config:0xc0000d6000])"}
{"time":"2024-09-17T00:28:43.769491651-04:00","level":"DEBUG","msg":"Storage initialized"}
{"time":"2024-09-17T00:28:43.769505674-04:00","level":"DEBUG","msg":"Data manager initialized"}
{"time":"2024-09-17T00:28:43.769507619-04:00","level":"DEBUG","msg":"Session manager initialized"}
{"time":"2024-09-17T00:28:43.769509175-04:00","level":"DEBUG","msg":"Adapter manager initialized"}
{"time":"2024-09-17T00:28:43.769510287-04:00","level":"DEBUG","msg":"Session 7tot_TxQSSy0GoiF11Vavko32-FNUwowKA0YUFDWrww= created"}
{"time":"2024-09-17T00:28:43.76951146-04:00","level":"DEBUG","msg":"DEBUG: Created new session with ID: 7tot_TxQSSy0GoiF11Vavko32-FNUwowKA0YUFDWrww=\n"}
{"time":"2024-09-17T00:28:43.769512804-04:00","level":"DEBUG","msg":"CLI adapter initialized"}
{"time":"2024-09-17T00:28:43.769513941-04:00","level":"DEBUG","msg":"CLI instance created"}
{"time":"2024-09-17T00:28:43.769515042-04:00","level":"DEBUG","msg":"DEBUG: Entering AdapterStart method\n"}
{"time":"2024-09-17T00:28:43.769516161-04:00","level":"DEBUG","msg":"DEBUG: Exiting AdapterStart method\n"}
{"time":"2024-09-17T00:28:43.769517216-04:00","level":"DEBUG","msg":"DEBUG: CLI adapter started"}
{"time":"2024-09-17T00:28:43.76951827-04:00","level":"DEBUG","msg":"DEBUG: Started command processing goroutine\n"}
{"time":"2024-09-17T00:28:43.769519384-04:00","level":"DEBUG","msg":"DEBUG: Waiting for command in AdapterStart\n"}
{"time":"2024-09-17T00:28:49.661083632-04:00","level":"DEBUG","msg":"DEBUG: Entering CommandProcess method"}
{"time":"2024-09-17T00:28:49.661156264-04:00","level":"DEBUG","msg":"DEBUG: CommandProcess method sent the command to the channel\n"}
{"time":"2024-09-17T00:28:49.661163244-04:00","level":"DEBUG","msg":"DEBUG: Received command in AdapterStart: {Scope:user Operation:select Args:[a]}\n"}
{"time":"2024-09-17T00:28:49.661165786-04:00","level":"DEBUG","msg":"Session 7tot_TxQSSy0GoiF11Vavko32-FNUwowKA0YUFDWrww= retrieved"}
{"time":"2024-09-17T00:28:49.661168205-04:00","level":"DEBUG","msg":"DEBUG: Current Session State - User: None, Mindmap: None\n"}
{"time":"2024-09-17T00:28:49.661256649-04:00","level":"DEBUG","msg":"DEBUG: Command processed successfully\n"}
{"time":"2024-09-17T00:28:49.661271715-04:00","level":"DEBUG","msg":"DEBUG: Waiting for command in AdapterStart\n"}
{"time":"2024-09-17T00:28:49.661287091-04:00","level":"DEBUG","msg":"DEBUG: Received result: User 'a' selected successfully\n"}
{"time":"2024-09-17T00:28:54.812300619-04:00","level":"DEBUG","msg":"DEBUG: Entering CommandProcess method"}
{"time":"2024-09-17T00:28:54.81236314-04:00","level":"DEBUG","msg":"DEBUG: CommandProcess method sent the command to the channel\n"}
{"time":"2024-09-17T00:28:54.822152792-04:00","level":"DEBUG","msg":"DEBUG: Received command in AdapterStart: {Scope:mindmap Operation:add Args:[new]}\n"}
{"time":"2024-09-17T00:28:54.822161634-04:00","level":"DEBUG","msg":"Session 7tot_TxQSSy0GoiF11Vavko32-FNUwowKA0YUFDWrww= retrieved"}
{"time":"2024-09-17T00:28:54.822163462-04:00","level":"DEBUG","msg":"DEBUG: Current Session State - User: a, Mindmap: None\n"}
{"time":"2024-09-17T00:28:54.822164857-04:00","level":"DEBUG","msg":"DEBUG: Added mindmap with ID 1 and name new\n"}
{"time":"2024-09-17T00:28:54.822166224-04:00","level":"DEBUG","msg":"DEBUG: newMindmap: &{1 new a false <nil> map[] 2024-09-17 00:28:54.812487373 -0400 -0400 2024-09-17 00:28:54.812487373 -0400 -0400}"}
{"time":"2024-09-17T00:28:54.822167719-04:00","level":"DEBUG","msg":"DEBUG: Published MindmapAdded event for mindmap 1\n"}
{"time":"2024-09-17T00:28:54.822169054-04:00","level":"DEBUG","msg":"DEBUG: Handling MindmapAdded event"}
{"time":"2024-09-17T00:28:54.822170476-04:00","level":"DEBUG","msg":"DEBUG: Handling MindmapAdded event - Logger ok"}
{"time":"2024-09-17T00:28:54.822171917-04:00","level":"DEBUG","msg":"DEBUG: Command processed successfully\n"}
{"time":"2024-09-17T00:28:54.822173234-04:00","level":"DEBUG","msg":"DEBUG: Waiting for command in AdapterStart\n"}
{"time":"2024-09-17T00:28:54.822174505-04:00","level":"DEBUG","msg":"DEBUG: Handling MindmapAdded event for mindmap 1\n"}
{"time":"2024-09-17T00:28:54.822175777-04:00","level":"DEBUG","msg":"DEBUG: Received result: 1\n"}
{"time":"2024-09-17T00:28:54.822177146-04:00","level":"DEBUG","msg":"DEBUG: Mindmap: &{1 new a false <nil> map[] 2024-09-17 00:28:54.812487373 -0400 -0400 2024-09-17 00:28:54.812487373 -0400 -0400}\n"}
{"time":"2024-09-17T00:28:54.822178663-04:00","level":"DEBUG","msg":"DEBUG: NodeAdd Validation complete"}
{"time":"2024-09-17T00:28:54.822179976-04:00","level":"DEBUG","msg":"DEBUG: NodeAdd Count complete"}
{"time":"2024-09-17T00:28:54.822181266-04:00","level":"DEBUG","msg":"DEBUG: Index calc complete"}
{"time":"2024-09-17T00:28:54.822182557-04:00","level":"DEBUG","msg":"DEBUG: Storage add complete"}
{"time":"2024-09-17T00:28:54.822183814-04:00","level":"DEBUG","msg":"DEBUG: Update complete, newNode: &{0 1 -1 new 0 map[] [] 2024-09-17 00:28:54.812920159 -0400 -0400 2024-09-17 00:28:54.812920159 -0400 -0400}\n"}
{"time":"2024-09-17T00:28:54.822185225-04:00","level":"DEBUG","msg":"DEBUG: initialized node map with root node complete"}
{"time":"2024-09-17T00:28:54.822186493-04:00","level":"DEBUG","msg":"DEBUG: Set root node complete"}
{"time":"2024-09-17T00:28:54.822187773-04:00","level":"DEBUG","msg":"DEBUG: Root node added for mindmap 1\n"}
{"time":"2024-09-17T00:28:54.822189049-04:00","level":"DEBUG","msg":"DEBUG: Mindmap: &{1 new a false 0xc0000e6240 map[0:0xc0000e6240] 2024-09-17 00:28:54.812487373 -0400 -0400 2024-09-17 00:28:54.812487373 -0400 -0400}\n"}
{"time":"2024-09-17T00:29:04.14041925-04:00","level":"DEBUG","msg":"DEBUG: Entering CommandProcess method"}
{"time":"2024-09-17T00:29:04.140462709-04:00","level":"DEBUG","msg":"DEBUG: CommandProcess method sent the command to the channel\n"}
{"time":"2024-09-17T00:29:04.140466539-04:00","level":"DEBUG","msg":"DEBUG: Received command in AdapterStart: {Scope:mindmap Operation:select Args:[new]}\n"}
{"time":"2024-09-17T00:29:04.140469019-04:00","level":"DEBUG","msg":"Session 7tot_TxQSSy0GoiF11Vavko32-FNUwowKA0YUFDWrww= retrieved"}
{"time":"2024-09-17T00:29:04.140471025-04:00","level":"DEBUG","msg":"DEBUG: Current Session State - User: a, Mindmap: new\n"}
{"time":"2024-09-17T00:29:04.140746991-04:00","level":"DEBUG","msg":"DEBUG: Command processed successfully\n"}
{"time":"2024-09-17T00:29:04.140764746-04:00","level":"DEBUG","msg":"DEBUG: Waiting for command in AdapterStart\n"}
{"time":"2024-09-17T00:29:04.140777547-04:00","level":"DEBUG","msg":"DEBUG: Received result: &{1 new a false <nil> map[] 2024-09-17 00:28:54.812487373 -0400 -0400 2024-09-17 00:28:54.812487373 -0400 -0400}\n"}
{"time":"2024-09-17T00:29:04.140838796-04:00","level":"DEBUG","msg":"DEBUG: Loaded 1 nodes for mindmap 1\n"}
{"time":"2024-09-17T00:35:52.976265189-04:00","level":"DEBUG","msg":"Error parsing command: empty command\n"}
{"time":"2024-09-17T00:35:53.089303622-04:00","level":"DEBUG","msg":"Error parsing command: empty command\n"}
{"time":"2024-09-17T00:35:54.537986746-04:00","level":"DEBUG","msg":"Application shutting down"}
{"time":"2024-09-17T00:35:54.538035494-04:00","level":"DEBUG","msg":"DEBUG: Stopping command processing goroutine\n"}
